Using pre-set license
Built from '6000.0/staging' branch; Version is '6000.0.23f1 (1c4764c07fb4) revision 1853284'; Using compiler version '193933523'; Build Type 'Release'
OS: 'Windows 11  (10.0.22631) 64bit Core' Language: 'ja' Physical Memory: 16115 MB
BatchMode: 1, IsHumanControllingUs: 0, StartBugReporterOnCrash: 0, Is64bit: 1, IsPro: 1

COMMAND LINE ARGUMENTS:
C:\Program Files\Unity\Hub\Editor\6000.0.23f1\Editor\Unity.exe
-adb2
-batchMode
-noUpm
-name
AssetImportWorker6
-projectPath
D:/Unity自作ゲーム/Survive_Roguelike
-logFile
Logs/AssetImportWorker6.log
-srvPort
50896
-job-worker-count
9
-background-job-worker-count
8
-asset-garbage-collectors
1
Successfully changed project path to: D:/Unity自作ゲーム/Survive_Roguelike
D:/Unity自作ゲーム/Survive_Roguelike
[UnityMemory] Configuration Parameters - Can be set up in boot.config
    "memorysetup-bucket-allocator-granularity=16"
    "memorysetup-bucket-allocator-bucket-count=8"
    "memorysetup-bucket-allocator-block-size=33554432"
    "memorysetup-bucket-allocator-block-count=8"
    "memorysetup-main-allocator-block-size=16777216"
    "memorysetup-thread-allocator-block-size=16777216"
    "memorysetup-gfx-main-allocator-block-size=16777216"
    "memorysetup-gfx-thread-allocator-block-size=16777216"
    "memorysetup-cache-allocator-block-size=4194304"
    "memorysetup-typetree-allocator-block-size=2097152"
    "memorysetup-profiler-bucket-allocator-granularity=16"
    "memorysetup-profiler-bucket-allocator-bucket-count=8"
    "memorysetup-profiler-bucket-allocator-block-size=33554432"
    "memorysetup-profiler-bucket-allocator-block-count=8"
    "memorysetup-profiler-allocator-block-size=16777216"
    "memorysetup-profiler-editor-allocator-block-size=1048576"
    "memorysetup-temp-allocator-size-main=16777216"
    "memorysetup-job-temp-allocator-block-size=2097152"
    "memorysetup-job-temp-allocator-block-size-background=1048576"
    "memorysetup-job-temp-allocator-reduction-small-platforms=262144"
    "memorysetup-allocator-temp-initial-block-size-main=262144"
    "memorysetup-allocator-temp-initial-block-size-worker=262144"
    "memorysetup-temp-allocator-size-background-worker=32768"
    "memorysetup-temp-allocator-size-job-worker=262144"
    "memorysetup-temp-allocator-size-preload-manager=33554432"
    "memorysetup-temp-allocator-size-nav-mesh-worker=65536"
    "memorysetup-temp-allocator-size-audio-worker=65536"
    "memorysetup-temp-allocator-size-cloud-worker=32768"
    "memorysetup-temp-allocator-size-gi-baking-worker=262144"
    "memorysetup-temp-allocator-size-gi-baking-worker=262144"
    "memorysetup-temp-allocator-size-gi-baking-worker=262144"
    "memorysetup-temp-allocator-size-gi-baking-worker=262144"
    "memorysetup-temp-allocator-size-gi-baking-worker=262144"
    "memorysetup-temp-allocator-size-gfx=262144"
Player connection [26224]  Target information:

Player connection [26224]  * "[IP] 192.168.10.9 [Port] 0 [Flags] 2 [Guid] 1513190031 [EditorId] 1513190031 [Version] 1048832 [Id] WindowsEditor(7,yoshi_GALLERIA) [Debug] 1 [PackageName] WindowsEditor [ProjectName] Editor" 

Player connection [26224] Host joined multi-casting on [225.0.0.222:54997]...
Player connection [26224] Host joined alternative multi-casting on [225.0.0.222:34997]...
JobSystem: Creating JobQueue using job-worker-count value 9
[Physics::Module] Initialized fallback backend.
[Physics::Module] Id: 0xdecafbad
Library Redirect Path: Library/
[Physics::Module] Selected backend.
[Physics::Module] Name: PhysX
[Physics::Module] Id: 0xf2b8ea05
[Physics::Module] SDK Version: 4.1.2
[Physics::Module] Integration Version: 1.0.0
[Physics::Module] Threading Mode: Multi-Threaded
Refreshing native plugins compatible for Editor in 4.80 ms, found 4 plugins.
Preloading 0 native plugins for Editor in 0.00 ms.
Initialize engine version: 6000.0.23f1 (1c4764c07fb4)
[Subsystems] Discovering subsystems at path C:/Program Files/Unity/Hub/Editor/6000.0.23f1/Editor/Data/Resources/UnitySubsystems
[Subsystems] Discovering subsystems at path D:/Unity自作ゲーム/Survive_Roguelike/Assets
GfxDevice: creating device client; kGfxThreadingModeNonThreaded
Direct3D:
    Version:  Direct3D 11.0 [level 11.1]
    Renderer: NVIDIA GeForce RTX 4060 Laptop GPU (ID=0x28a0)
    Vendor:   NVIDIA
    VRAM:     7957 MB
    Driver:   32.0.15.6081
Initialize mono
Mono path[0] = 'C:/Program Files/Unity/Hub/Editor/6000.0.23f1/Editor/Data/Managed'
Mono path[1] = 'C:/Program Files/Unity/Hub/Editor/6000.0.23f1/Editor/Data/MonoBleedingEdge/lib/mono/unityjit-win32'
Mono config path = 'C:/Program Files/Unity/Hub/Editor/6000.0.23f1/Editor/Data/MonoBleedingEdge/etc'
Using monoOptions --debugger-agent=transport=dt_socket,embedding=1,server=y,suspend=n,address=127.0.0.1:56680
Begin MonoManager ReloadAssembly
Registering precompiled unity dll's ...
Register platform support module: C:/Program Files/Unity/Hub/Editor/6000.0.23f1/Editor/Data/PlaybackEngines/VisionOSPlayer/UnityEditor.VisionOS.Extensions.dll
Register platform support module: C:/Program Files/Unity/Hub/Editor/6000.0.23f1/Editor/Data/PlaybackEngines/WindowsStandaloneSupport/UnityEditor.WindowsStandalone.Extensions.dll
Register platform support module: C:/Program Files/Unity/Hub/Editor/6000.0.23f1/Editor/Data/PlaybackEngines/AndroidPlayer/UnityEditor.Android.Extensions.dll
Register platform support module: C:/Program Files/Unity/Hub/Editor/6000.0.23f1/Editor/Data/PlaybackEngines/iOSSupport/UnityEditor.iOS.Extensions.dll
Registered in 0.009849 seconds.
- Loaded All Assemblies, in  0.454 seconds
[usbmuxd] Start listen thread
[usbmuxd] Listen thread started
Native extension for iOS target not found
Native extension for Android target not found
Android Extension - Scanning For ADB Devices 257 ms
Native extension for WindowsStandalone target not found
Failed to load: C:/Program Files/Unity/Hub/Editor/6000.0.23f1/Editor/Data/PlaybackEngines/VisionOSPlayer\x64\UnityEditor.VisionOS.Native.dll
Native extension for VisionOS target not found
Mono: successfully reloaded assembly
- Finished resetting the current domain, in  0.592 seconds
Domain Reload Profiling: 1045ms
	BeginReloadAssembly (189ms)
		ExecutionOrderSort (0ms)
		DisableScriptedObjects (0ms)
		BackupInstance (0ms)
		ReleaseScriptingObjects (0ms)
		CreateAndSetChildDomain (1ms)
	RebuildCommonClasses (29ms)
	RebuildNativeTypeToScriptingClass (9ms)
	initialDomainReloadingComplete (55ms)
	LoadAllAssembliesAndSetupDomain (170ms)
		LoadAssemblies (188ms)
		RebuildTransferFunctionScriptingTraits (0ms)
		AnalyzeDomain (165ms)
			TypeCache.Refresh (163ms)
				TypeCache.ScanAssembly (151ms)
			BuildScriptInfoCaches (0ms)
			ResolveRequiredComponents (0ms)
	FinalizeReload (593ms)
		ReleaseScriptCaches (0ms)
		RebuildScriptCaches (0ms)
		SetupLoadedEditorAssemblies (553ms)
			LogAssemblyErrors (0ms)
			InitializePlatformSupportModulesInManaged (363ms)
			SetLoadedEditorAssemblies (3ms)
			BeforeProcessingInitializeOnLoad (5ms)
			ProcessInitializeOnLoadAttributes (118ms)
			ProcessInitializeOnLoadMethodAttributes (63ms)
			AfterProcessingInitializeOnLoad (2ms)
			EditorAssembliesLoaded (0ms)
		ExecutionOrderSort2 (0ms)
		AwakeInstancesAfterBackupRestoration (0ms)
Assembly reference Packages/com.unity.cinemachine/Editor/Samples/ExposeHDRPInternals/HDRP-Editor-ref.asmref has no target assembly definition
========================================================================
Worker process is ready to serve import requests
Import Worker Mode flag is 0x00
Assembly reference Packages/com.unity.cinemachine/Editor/Samples/ExposeHDRPInternals/HDRP-Editor-ref.asmref has no target assembly definition
Assembly reference Packages/com.unity.cinemachine/Editor/Samples/ExposeHDRPInternals/HDRP-Editor-ref.asmref has no target assembly definition
Begin MonoManager ReloadAssembly
Symbol file LoadedFromMemory is not a mono symbol file
- Loaded All Assemblies, in  1.670 seconds
Assembly reference Packages/com.unity.cinemachine/Editor/Samples/ExposeHDRPInternals/HDRP-Editor-ref.asmref has no target assembly definition
'Packages/com.unity.cinemachine/Editor/Obsolete/CinemachineVirtualCameraBaseEditor.cs' contains partial class of Unity.Object, exactly 1 of the partial classes needs to be in a file with the same filename. This is to know the one that can be referenced from ie. GameObjects
'Packages/com.unity.cinemachine/Editor/Editors/CinemachineVirtualCameraBaseEditor.cs' contains partial class of Unity.Object, exactly 1 of the partial classes needs to be in a file with the same filename. This is to know the one that can be referenced from ie. GameObjects
Refreshing native plugins compatible for Editor in 2.64 ms, found 4 plugins.
Native extension for iOS target not found
Native extension for Android target not found
Native extension for WindowsStandalone target not found
Failed to load: C:/Program Files/Unity/Hub/Editor/6000.0.23f1/Editor/Data/PlaybackEngines/VisionOSPlayer\x64\UnityEditor.VisionOS.Native.dll
Native extension for VisionOS target not found
Assembly reference Packages/com.unity.cinemachine/Editor/Samples/ExposeHDRPInternals/HDRP-Editor-ref.asmref has no target assembly definition
Package Manager log level set to [2]
[Package Manager] Failed to launch server process. Reason: Unity was launched with the -noUpm command-line argument
[Package Manager] Unable to send message (not connected to server process).
[Package Manager] Cannot connect to Unity Package Manager local server
Refreshing native plugins compatible for Editor in 2.56 ms, found 4 plugins.
Mono: successfully reloaded assembly
- Finished resetting the current domain, in  0.850 seconds
Domain Reload Profiling: 2518ms
	BeginReloadAssembly (983ms)
		ExecutionOrderSort (0ms)
		DisableScriptedObjects (4ms)
		BackupInstance (0ms)
		ReleaseScriptingObjects (0ms)
		CreateAndSetChildDomain (31ms)
	RebuildCommonClasses (34ms)
	RebuildNativeTypeToScriptingClass (10ms)
	initialDomainReloadingComplete (35ms)
	LoadAllAssembliesAndSetupDomain (606ms)
		LoadAssemblies (469ms)
		RebuildTransferFunctionScriptingTraits (0ms)
		AnalyzeDomain (229ms)
			TypeCache.Refresh (155ms)
				TypeCache.ScanAssembly (131ms)
			BuildScriptInfoCaches (62ms)
			ResolveRequiredComponents (8ms)
	FinalizeReload (851ms)
		ReleaseScriptCaches (0ms)
		RebuildScriptCaches (0ms)
		SetupLoadedEditorAssemblies (683ms)
			LogAssemblyErrors (0ms)
			InitializePlatformSupportModulesInManaged (18ms)
			SetLoadedEditorAssemblies (5ms)
			BeforeProcessingInitializeOnLoad (60ms)
			ProcessInitializeOnLoadAttributes (468ms)
			ProcessInitializeOnLoadMethodAttributes (126ms)
			AfterProcessingInitializeOnLoad (6ms)
			EditorAssembliesLoaded (0ms)
		ExecutionOrderSort2 (0ms)
		AwakeInstancesAfterBackupRestoration (5ms)
Launched and connected shader compiler UnityShaderCompiler.exe after 0.01 seconds
Refreshing native plugins compatible for Editor in 5.09 ms, found 4 plugins.
Preloading 0 native plugins for Editor in 0.00 ms.
Unloading 16 Unused Serialized files (Serialized files now loaded: 0)
Unloading 5714 unused Assets / (1.8 MB). Loaded Objects now: 6276.
Memory consumption went from 133.6 MB to 131.8 MB.
Total: 12.219200 ms (FindLiveObjects: 0.528100 ms CreateObjectMapping: 0.341500 ms MarkObjects: 10.039100 ms  DeleteObjects: 1.309000 ms)

========================================================================
Received Import Request.
  Time since last request: 12627.784091 seconds.
  path: Assets/Dungeon Tale/Assets/Sprites/Floor_Red.asset
  artifactKey: Guid(e94644264ab4e804aaa8a53f2034a4ef) Importer(2089858483,192608db42251d675da83286b1cce702)
Start importing Assets/Dungeon Tale/Assets/Sprites/Floor_Red.asset using Guid(e94644264ab4e804aaa8a53f2034a4ef) Importer(2089858483,192608db42251d675da83286b1cce702) (ScriptedImporter) -> (artifact id: 'dae16e0355054475ea5096077a490f85') in 0.1227848 seconds
Number of updated asset objects reloaded before import = 0Number of asset objects unloaded after import = 2

========================================================================
Received Import Request.
  Time since last request: 0.000048 seconds.
  path: Assets/Dungeon Tale/Assets/Sprites/Wall_T.asset
  artifactKey: Guid(4302010bd43c45d45978533bffefbd98) Importer(2089858483,192608db42251d675da83286b1cce702)
Start importing Assets/Dungeon Tale/Assets/Sprites/Wall_T.asset using Guid(4302010bd43c45d45978533bffefbd98) Importer(2089858483,192608db42251d675da83286b1cce702) (ScriptedImporter) -> (artifact id: '0f70462bef41191b0593d8e614edfc89') in 0.0202955 seconds
Number of updated asset objects reloaded before import = 0Number of asset objects unloaded after import = 2

========================================================================
Received Import Request.
  Time since last request: 0.000067 seconds.
  path: Assets/Dungeon Tale/Assets/Sprites/Prop_Candles.asset
  artifactKey: Guid(5eee46c3bfae25f4ba9a0d0a217ce390) Importer(2089858483,192608db42251d675da83286b1cce702)
Start importing Assets/Dungeon Tale/Assets/Sprites/Prop_Candles.asset using Guid(5eee46c3bfae25f4ba9a0d0a217ce390) Importer(2089858483,192608db42251d675da83286b1cce702) (ScriptedImporter) -> (artifact id: '6720026178f328a25a6805b3c0d424d4') in 0.0177375 seconds
Number of updated asset objects reloaded before import = 0Number of asset objects unloaded after import = 2

========================================================================
Received Import Request.
  Time since last request: 0.000021 seconds.
  path: Assets/Dungeon Tale/Assets/Sprites/Char_Slime.asset
  artifactKey: Guid(622e0a89c0f63ef42b94389a5e53705c) Importer(2089858483,192608db42251d675da83286b1cce702)
Start importing Assets/Dungeon Tale/Assets/Sprites/Char_Slime.asset using Guid(622e0a89c0f63ef42b94389a5e53705c) Importer(2089858483,192608db42251d675da83286b1cce702) (ScriptedImporter) -> (artifact id: 'c70bc338f4cf2c0a60cb64109db7679a') in 0.0140742 seconds
Number of updated asset objects reloaded before import = 0Number of asset objects unloaded after import = 2

========================================================================
Received Import Request.
  Time since last request: 0.000028 seconds.
  path: Assets/Dungeon Tale/Assets/Sprites/Env_GraveEars.asset
  artifactKey: Guid(0a8e9f334d2fb754498e5dc7481f6750) Importer(2089858483,192608db42251d675da83286b1cce702)
Start importing Assets/Dungeon Tale/Assets/Sprites/Env_GraveEars.asset using Guid(0a8e9f334d2fb754498e5dc7481f6750) Importer(2089858483,192608db42251d675da83286b1cce702) (ScriptedImporter) -> (artifact id: '8145cb21abb70529207f11f16a403f76') in 0.0165201 seconds
Number of updated asset objects reloaded before import = 0Number of asset objects unloaded after import = 2

========================================================================
Received Import Request.
  Time since last request: 0.000029 seconds.
  path: Assets/Dungeon Tale/Assets/Sprites/Item_Book_Blue.asset
  artifactKey: Guid(20513f052010a78439a165667c4d4f84) Importer(2089858483,192608db42251d675da83286b1cce702)
Start importing Assets/Dungeon Tale/Assets/Sprites/Item_Book_Blue.asset using Guid(20513f052010a78439a165667c4d4f84) Importer(2089858483,192608db42251d675da83286b1cce702) (ScriptedImporter) -> (artifact id: '1923717cb6ac9256a5f693be3e0e16fa') in 0.0168369 seconds
Number of updated asset objects reloaded before import = 0Number of asset objects unloaded after import = 2

========================================================================
Received Import Request.
  Time since last request: 0.000030 seconds.
  path: Assets/Dungeon Tale/Assets/Sprites/Prop_Skull.asset
  artifactKey: Guid(fa0c28987ee146f4aacbf2eac1effbd6) Importer(2089858483,192608db42251d675da83286b1cce702)
Start importing Assets/Dungeon Tale/Assets/Sprites/Prop_Skull.asset using Guid(fa0c28987ee146f4aacbf2eac1effbd6) Importer(2089858483,192608db42251d675da83286b1cce702) (ScriptedImporter) -> (artifact id: '47dd66830b9774642847067baa32efb4') in 0.0200521 seconds
Number of updated asset objects reloaded before import = 0Number of asset objects unloaded after import = 2

========================================================================
Received Import Request.
  Time since last request: 0.000038 seconds.
  path: Assets/Dungeon Tale/Assets/Sprites/Decal_J.asset
  artifactKey: Guid(04c77b545a65e38418e7a04da1045d39) Importer(2089858483,192608db42251d675da83286b1cce702)
Start importing Assets/Dungeon Tale/Assets/Sprites/Decal_J.asset using Guid(04c77b545a65e38418e7a04da1045d39) Importer(2089858483,192608db42251d675da83286b1cce702) (ScriptedImporter) -> (artifact id: '4b94140c3175cdf56bed3488efc2d280') in 0.018977 seconds
Number of updated asset objects reloaded before import = 0Number of asset objects unloaded after import = 2

========================================================================
Received Import Request.
  Time since last request: 0.000033 seconds.
  path: Assets/Dungeon Tale/Assets/Sprites/Prop_Vase_E.asset
  artifactKey: Guid(602dbfea56b1dcb4c9b31c0cb5da5e33) Importer(2089858483,192608db42251d675da83286b1cce702)
Start importing Assets/Dungeon Tale/Assets/Sprites/Prop_Vase_E.asset using Guid(602dbfea56b1dcb4c9b31c0cb5da5e33) Importer(2089858483,192608db42251d675da83286b1cce702) (ScriptedImporter) -> (artifact id: '7002c4407600cf07359081d8bdd950bd') in 0.0138568 seconds
Number of updated asset objects reloaded before import = 0Number of asset objects unloaded after import = 2

========================================================================
Received Import Request.
  Time since last request: 0.000021 seconds.
  path: Assets/Dungeon Tale/Assets/Sprites/Item_candle.asset
  artifactKey: Guid(db05ae97e01fc00439ff7122a6a51fa1) Importer(2089858483,192608db42251d675da83286b1cce702)
Start importing Assets/Dungeon Tale/Assets/Sprites/Item_candle.asset using Guid(db05ae97e01fc00439ff7122a6a51fa1) Importer(2089858483,192608db42251d675da83286b1cce702) (ScriptedImporter) -> (artifact id: 'edd211478ca0ddf496825ce1efac54a2') in 0.013766 seconds
Number of updated asset objects reloaded before import = 0Number of asset objects unloaded after import = 2

========================================================================
Received Import Request.
  Time since last request: 0.000021 seconds.
  path: Assets/Dungeon Tale/Assets/Sprites/Item_Poition_Yellow.asset
  artifactKey: Guid(89f99511da557224b85401a90233a983) Importer(2089858483,192608db42251d675da83286b1cce702)
Start importing Assets/Dungeon Tale/Assets/Sprites/Item_Poition_Yellow.asset using Guid(89f99511da557224b85401a90233a983) Importer(2089858483,192608db42251d675da83286b1cce702) (ScriptedImporter) -> (artifact id: 'e5d0cf46127e828cf6d15177b81490cb') in 0.0166359 seconds
Number of updated asset objects reloaded before import = 0Number of asset objects unloaded after import = 2

========================================================================
Received Import Request.
  Time since last request: 0.000018 seconds.
  path: Assets/Dungeon Tale/Assets/Sprites/Prop_Env_E.asset
  artifactKey: Guid(41266b37b7eae8549a81f50c7217efaa) Importer(2089858483,192608db42251d675da83286b1cce702)
Start importing Assets/Dungeon Tale/Assets/Sprites/Prop_Env_E.asset using Guid(41266b37b7eae8549a81f50c7217efaa) Importer(2089858483,192608db42251d675da83286b1cce702) (ScriptedImporter) -> (artifact id: 'c798c5e0d597a0abead742735588397c') in 0.0123087 seconds
Number of updated asset objects reloaded before import = 0Number of asset objects unloaded after import = 2

========================================================================
Received Import Request.
  Time since last request: 0.000020 seconds.
  path: Assets/Dungeon Tale/Assets/Sprites/Prop_Shrooms.asset
  artifactKey: Guid(9d4066e1eada0994ca759a7dd54fd14b) Importer(2089858483,192608db42251d675da83286b1cce702)
Start importing Assets/Dungeon Tale/Assets/Sprites/Prop_Shrooms.asset using Guid(9d4066e1eada0994ca759a7dd54fd14b) Importer(2089858483,192608db42251d675da83286b1cce702) (ScriptedImporter) -> (artifact id: '9224408eafc835d2b63d0a23a6334df4') in 0.0124053 seconds
Number of updated asset objects reloaded before import = 0Number of asset objects unloaded after import = 2

========================================================================
Received Import Request.
  Time since last request: 0.000019 seconds.
  path: Assets/Dungeon Tale/Assets/Sprites/Prop_Root_A.asset
  artifactKey: Guid(046fb31de7ebf964d9f21fb573e54ad0) Importer(2089858483,192608db42251d675da83286b1cce702)
Start importing Assets/Dungeon Tale/Assets/Sprites/Prop_Root_A.asset using Guid(046fb31de7ebf964d9f21fb573e54ad0) Importer(2089858483,192608db42251d675da83286b1cce702) (ScriptedImporter) -> (artifact id: '57eaa3709c47d32dc2f08cd432d7df70') in 0.0151665 seconds
Number of updated asset objects reloaded before import = 0Number of asset objects unloaded after import = 2

========================================================================
Received Import Request.
  Time since last request: 0.000027 seconds.
  path: Assets/Dungeon Tale/Assets/Sprites/Wall_L.asset
  artifactKey: Guid(9f4da2be19cb560438609050e9a66cc8) Importer(2089858483,192608db42251d675da83286b1cce702)
Start importing Assets/Dungeon Tale/Assets/Sprites/Wall_L.asset using Guid(9f4da2be19cb560438609050e9a66cc8) Importer(2089858483,192608db42251d675da83286b1cce702) (ScriptedImporter) -> (artifact id: 'd0f43fb879ba8c646fabce5b3d04b08b') in 0.0176889 seconds
Number of updated asset objects reloaded before import = 0Number of asset objects unloaded after import = 2

========================================================================
Received Import Request.
  Time since last request: 0.000040 seconds.
  path: Assets/Dungeon Tale/Assets/Sprites/Item_Hammer.asset
  artifactKey: Guid(1087414f781017842b4ae4c55802f78e) Importer(2089858483,192608db42251d675da83286b1cce702)
Start importing Assets/Dungeon Tale/Assets/Sprites/Item_Hammer.asset using Guid(1087414f781017842b4ae4c55802f78e) Importer(2089858483,192608db42251d675da83286b1cce702) (ScriptedImporter) -> (artifact id: '3f6758446d2cba708ab8659518affbe3') in 0.0162578 seconds
Number of updated asset objects reloaded before import = 0Number of asset objects unloaded after import = 2

========================================================================
Received Import Request.
  Time since last request: 0.000042 seconds.
  path: Assets/Dungeon Tale/Assets/Sprites/Item_Shroom_Yellow.asset
  artifactKey: Guid(dda0bb556072137438ac10f978903ff0) Importer(2089858483,192608db42251d675da83286b1cce702)
Start importing Assets/Dungeon Tale/Assets/Sprites/Item_Shroom_Yellow.asset using Guid(dda0bb556072137438ac10f978903ff0) Importer(2089858483,192608db42251d675da83286b1cce702) (ScriptedImporter) -> (artifact id: 'cccdbe8f1e6bbfa535715df1648c6dc3') in 0.0141182 seconds
Number of updated asset objects reloaded before import = 0Number of asset objects unloaded after import = 2

========================================================================
Received Import Request.
  Time since last request: 0.000027 seconds.
  path: Assets/Dungeon Tale/Assets/Sprites/Prop_Env_G.asset
  artifactKey: Guid(fb2603841c97c8a4698056a3457666b4) Importer(2089858483,192608db42251d675da83286b1cce702)
Start importing Assets/Dungeon Tale/Assets/Sprites/Prop_Env_G.asset using Guid(fb2603841c97c8a4698056a3457666b4) Importer(2089858483,192608db42251d675da83286b1cce702) (ScriptedImporter) -> (artifact id: 'b76fa9f014eb9aaecaf2f214ecbce2ab') in 0.0121415 seconds
Number of updated asset objects reloaded before import = 0Number of asset objects unloaded after import = 2

========================================================================
Received Import Request.
  Time since last request: 0.000021 seconds.
  path: Assets/Dungeon Tale/Assets/Sprites/Prop_TreeC.asset
  artifactKey: Guid(0764df37ddfb0714ab6f3fc26fd516a9) Importer(2089858483,192608db42251d675da83286b1cce702)
Start importing Assets/Dungeon Tale/Assets/Sprites/Prop_TreeC.asset using Guid(0764df37ddfb0714ab6f3fc26fd516a9) Importer(2089858483,192608db42251d675da83286b1cce702) (ScriptedImporter) -> (artifact id: 'a806731f71f8cc2412fdea9df8106318') in 0.0139244 seconds
Number of updated asset objects reloaded before import = 0Number of asset objects unloaded after import = 2

========================================================================
Received Import Request.
  Time since last request: 0.000042 seconds.
  path: Assets/Dungeon Tale/Assets/Sprites/Env_Elder.asset
  artifactKey: Guid(ff9dcf820124e594a994228c3fae0a4e) Importer(2089858483,192608db42251d675da83286b1cce702)
Start importing Assets/Dungeon Tale/Assets/Sprites/Env_Elder.asset using Guid(ff9dcf820124e594a994228c3fae0a4e) Importer(2089858483,192608db42251d675da83286b1cce702) (ScriptedImporter) -> (artifact id: '116d1413b354cea87e8ad91ad5026d5d') in 0.0126813 seconds
Number of updated asset objects reloaded before import = 0Number of asset objects unloaded after import = 2

========================================================================
Received Import Request.
  Time since last request: 0.000026 seconds.
  path: Assets/Dungeon Tale/Assets/Sprites/Item_Poition_Green.asset
  artifactKey: Guid(cff07008e11a6ee45ac023122a47fa92) Importer(2089858483,192608db42251d675da83286b1cce702)
Start importing Assets/Dungeon Tale/Assets/Sprites/Item_Poition_Green.asset using Guid(cff07008e11a6ee45ac023122a47fa92) Importer(2089858483,192608db42251d675da83286b1cce702) (ScriptedImporter) -> (artifact id: '56e937d7be322b5d6985e74a68fb77f9') in 0.0113581 seconds
Number of updated asset objects reloaded before import = 0Number of asset objects unloaded after import = 2

========================================================================
Received Import Request.
  Time since last request: 0.000035 seconds.
  path: Assets/Dungeon Tale/Assets/Sprites/Prop_Root_K.asset
  artifactKey: Guid(785ee3a37877dd7469a6d0e3071f4957) Importer(2089858483,192608db42251d675da83286b1cce702)
Start importing Assets/Dungeon Tale/Assets/Sprites/Prop_Root_K.asset using Guid(785ee3a37877dd7469a6d0e3071f4957) Importer(2089858483,192608db42251d675da83286b1cce702) (ScriptedImporter) -> (artifact id: 'a5acfab64c7c76c5df0827ed2e744d37') in 0.0135317 seconds
Number of updated asset objects reloaded before import = 0Number of asset objects unloaded after import = 2

========================================================================
Received Import Request.
  Time since last request: 0.000034 seconds.
  path: Assets/Dungeon Tale/Assets/Sprites/Env_Ladder_Down.asset
  artifactKey: Guid(7a5e993c3c4a492468b3dd0df80c4e62) Importer(2089858483,192608db42251d675da83286b1cce702)
Start importing Assets/Dungeon Tale/Assets/Sprites/Env_Ladder_Down.asset using Guid(7a5e993c3c4a492468b3dd0df80c4e62) Importer(2089858483,192608db42251d675da83286b1cce702) (ScriptedImporter) -> (artifact id: '4856b2566ed3b9abcc3d2373c8f831ad') in 0.0112112 seconds
Number of updated asset objects reloaded before import = 0Number of asset objects unloaded after import = 2

========================================================================
Received Import Request.
  Time since last request: 0.000023 seconds.
  path: Assets/Dungeon Tale/Assets/Sprites/Decal_M.asset
  artifactKey: Guid(9d0eaed2b68d1814eba0272abb961da4) Importer(2089858483,192608db42251d675da83286b1cce702)
Start importing Assets/Dungeon Tale/Assets/Sprites/Decal_M.asset using Guid(9d0eaed2b68d1814eba0272abb961da4) Importer(2089858483,192608db42251d675da83286b1cce702) (ScriptedImporter) -> (artifact id: '1774bf898a5f6dba9a81229075fd2ffd') in 0.010476 seconds
Number of updated asset objects reloaded before import = 0Number of asset objects unloaded after import = 2

========================================================================
Received Import Request.
  Time since last request: 0.000047 seconds.
  path: Assets/Dungeon Tale/Assets/Sprites/Decal_K.asset
  artifactKey: Guid(e93661a2241c60e40a1c9ab7d625cbd6) Importer(2089858483,192608db42251d675da83286b1cce702)
Start importing Assets/Dungeon Tale/Assets/Sprites/Decal_K.asset using Guid(e93661a2241c60e40a1c9ab7d625cbd6) Importer(2089858483,192608db42251d675da83286b1cce702) (ScriptedImporter) -> (artifact id: '25a407a0b3ec90e5d1f13132370c92f6') in 0.0117532 seconds
Number of updated asset objects reloaded before import = 0Number of asset objects unloaded after import = 2

========================================================================
Received Import Request.
  Time since last request: 0.000021 seconds.
  path: Assets/Dungeon Tale/Assets/Sprites/Floor_A.asset
  artifactKey: Guid(e75c4e5cdde615042984026816ea1f46) Importer(2089858483,192608db42251d675da83286b1cce702)
Start importing Assets/Dungeon Tale/Assets/Sprites/Floor_A.asset using Guid(e75c4e5cdde615042984026816ea1f46) Importer(2089858483,192608db42251d675da83286b1cce702) (ScriptedImporter) -> (artifact id: '74ff8d5fab32702213cdf4153a1c5dcf') in 0.0132586 seconds
Number of updated asset objects reloaded before import = 0Number of asset objects unloaded after import = 2

========================================================================
Received Import Request.
  Time since last request: 0.000017 seconds.
  path: Assets/Dungeon Tale/Assets/Sprites/Prop_Env_I.asset
  artifactKey: Guid(ebab8505af053f744812d4f668f87325) Importer(2089858483,192608db42251d675da83286b1cce702)
Start importing Assets/Dungeon Tale/Assets/Sprites/Prop_Env_I.asset using Guid(ebab8505af053f744812d4f668f87325) Importer(2089858483,192608db42251d675da83286b1cce702) (ScriptedImporter) -> (artifact id: 'dc1d6501894cac7d47e9b3769dc9ef04') in 0.0146306 seconds
Number of updated asset objects reloaded before import = 0Number of asset objects unloaded after import = 2

========================================================================
Received Import Request.
  Time since last request: 0.000034 seconds.
  path: Assets/Dungeon Tale/Assets/Sprites/Wall_R.asset
  artifactKey: Guid(2c94254f4e1e0c1429edeb444ca716d5) Importer(2089858483,192608db42251d675da83286b1cce702)
Start importing Assets/Dungeon Tale/Assets/Sprites/Wall_R.asset using Guid(2c94254f4e1e0c1429edeb444ca716d5) Importer(2089858483,192608db42251d675da83286b1cce702) (ScriptedImporter) -> (artifact id: 'ea8a73ef21b42c71b7350ff70d84093d') in 0.0123006 seconds
Number of updated asset objects reloaded before import = 0Number of asset objects unloaded after import = 2

========================================================================
Received Import Request.
  Time since last request: 0.000124 seconds.
  path: Assets/Dungeon Tale/Assets/Sprites/Item_Dimond.asset
  artifactKey: Guid(d38de7ca769034d438c912c9ba664d6e) Importer(2089858483,192608db42251d675da83286b1cce702)
Start importing Assets/Dungeon Tale/Assets/Sprites/Item_Dimond.asset using Guid(d38de7ca769034d438c912c9ba664d6e) Importer(2089858483,192608db42251d675da83286b1cce702) (ScriptedImporter) -> (artifact id: 'da914b7bc3d4d1713dd86f88919a44e4') in 0.0122796 seconds
Number of updated asset objects reloaded before import = 0Number of asset objects unloaded after import = 2

========================================================================
Received Import Request.
  Time since last request: 0.000041 seconds.
  path: Assets/Dungeon Tale/Assets/Sprites/Decal_Star.asset
  artifactKey: Guid(d350d178c837b4247b7d84083243a82e) Importer(2089858483,192608db42251d675da83286b1cce702)
Start importing Assets/Dungeon Tale/Assets/Sprites/Decal_Star.asset using Guid(d350d178c837b4247b7d84083243a82e) Importer(2089858483,192608db42251d675da83286b1cce702) (ScriptedImporter) -> (artifact id: '098044a5e20f2822ca5226b41aa7157f') in 0.0138188 seconds
Number of updated asset objects reloaded before import = 0Number of asset objects unloaded after import = 2

========================================================================
Received Import Request.
  Time since last request: 0.000031 seconds.
  path: Assets/Dungeon Tale/Assets/Sprites/Wall_O.asset
  artifactKey: Guid(ac82f3b5edde2e044ac95f3237a38fc6) Importer(2089858483,192608db42251d675da83286b1cce702)
Start importing Assets/Dungeon Tale/Assets/Sprites/Wall_O.asset using Guid(ac82f3b5edde2e044ac95f3237a38fc6) Importer(2089858483,192608db42251d675da83286b1cce702) (ScriptedImporter) -> (artifact id: 'c143112fdc2e2079b8ac3c885fb836a8') in 0.0131036 seconds
Number of updated asset objects reloaded before import = 0Number of asset objects unloaded after import = 2

========================================================================
Received Import Request.
  Time since last request: 0.000030 seconds.
  path: Assets/Dungeon Tale/Assets/Sprites/Env_Door_V.asset
  artifactKey: Guid(9ac54ccfc39bc5747bfb5055a14c32bd) Importer(2089858483,192608db42251d675da83286b1cce702)
Start importing Assets/Dungeon Tale/Assets/Sprites/Env_Door_V.asset using Guid(9ac54ccfc39bc5747bfb5055a14c32bd) Importer(2089858483,192608db42251d675da83286b1cce702) (ScriptedImporter) -> (artifact id: 'c7ac9ca247026c39e341402bb8f0edf3') in 0.0133884 seconds
Number of updated asset objects reloaded before import = 0Number of asset objects unloaded after import = 2

========================================================================
Received Import Request.
  Time since last request: 0.000039 seconds.
  path: Assets/Dungeon Tale/Assets/Sprites/Carpet_RT.asset
  artifactKey: Guid(e4c9a2c2d5d99664b9f6b43ad1d6b526) Importer(2089858483,192608db42251d675da83286b1cce702)
Start importing Assets/Dungeon Tale/Assets/Sprites/Carpet_RT.asset using Guid(e4c9a2c2d5d99664b9f6b43ad1d6b526) Importer(2089858483,192608db42251d675da83286b1cce702) (ScriptedImporter) -> (artifact id: 'e341d278b8b36f30a990653372f9d47b') in 0.0168216 seconds
Number of updated asset objects reloaded before import = 0Number of asset objects unloaded after import = 2

========================================================================
Received Import Request.
  Time since last request: 0.000035 seconds.
  path: Assets/Dungeon Tale/Assets/Sprites/Decal_Z.asset
  artifactKey: Guid(34998d3fc37c21c4f9a3e8b157b6dc64) Importer(2089858483,192608db42251d675da83286b1cce702)
Start importing Assets/Dungeon Tale/Assets/Sprites/Decal_Z.asset using Guid(34998d3fc37c21c4f9a3e8b157b6dc64) Importer(2089858483,192608db42251d675da83286b1cce702) (ScriptedImporter) -> (artifact id: '08b1210971c6f8a71af2650a44b8f1ed') in 0.0162431 seconds
Number of updated asset objects reloaded before import = 0Number of asset objects unloaded after import = 2

========================================================================
Received Import Request.
  Time since last request: 0.000032 seconds.
  path: Assets/Dungeon Tale/Assets/Sprites/Env_Grave.asset
  artifactKey: Guid(694c9dcb638ac284d9532ff39d4e1f1c) Importer(2089858483,192608db42251d675da83286b1cce702)
Start importing Assets/Dungeon Tale/Assets/Sprites/Env_Grave.asset using Guid(694c9dcb638ac284d9532ff39d4e1f1c) Importer(2089858483,192608db42251d675da83286b1cce702) (ScriptedImporter) -> (artifact id: '76e1b300c55d798d8088fb3f9dca69e3') in 0.0199275 seconds
Number of updated asset objects reloaded before import = 0Number of asset objects unloaded after import = 2

========================================================================
Received Import Request.
  Time since last request: 0.000022 seconds.
  path: Assets/Dungeon Tale/Assets/Sprites/Prop_Web.asset
  artifactKey: Guid(a98bdfda84090bb47a33f2f3ae82c0f5) Importer(2089858483,192608db42251d675da83286b1cce702)
Start importing Assets/Dungeon Tale/Assets/Sprites/Prop_Web.asset using Guid(a98bdfda84090bb47a33f2f3ae82c0f5) Importer(2089858483,192608db42251d675da83286b1cce702) (ScriptedImporter) -> (artifact id: '1c65fbfe562bb63f22b98043cfcbcebf') in 0.0143326 seconds
Number of updated asset objects reloaded before import = 0Number of asset objects unloaded after import = 2

========================================================================
Received Import Request.
  Time since last request: 0.000042 seconds.
  path: Assets/Dungeon Tale/Assets/Sprites/Item_Book_Red.asset
  artifactKey: Guid(c5f2a5375dea1ee4b91d8695870a3d8f) Importer(2089858483,192608db42251d675da83286b1cce702)
Start importing Assets/Dungeon Tale/Assets/Sprites/Item_Book_Red.asset using Guid(c5f2a5375dea1ee4b91d8695870a3d8f) Importer(2089858483,192608db42251d675da83286b1cce702) (ScriptedImporter) -> (artifact id: '90e98ae84a790ff9b6a3b2bb8b81bb15') in 0.0157061 seconds
Number of updated asset objects reloaded before import = 0Number of asset objects unloaded after import = 2

========================================================================
Received Import Request.
  Time since last request: 0.000029 seconds.
  path: Assets/Dungeon Tale/Assets/Sprites/Floor_B.asset
  artifactKey: Guid(9683ef9ab4bd66e4e9d7953ce1304ea2) Importer(2089858483,192608db42251d675da83286b1cce702)
Start importing Assets/Dungeon Tale/Assets/Sprites/Floor_B.asset using Guid(9683ef9ab4bd66e4e9d7953ce1304ea2) Importer(2089858483,192608db42251d675da83286b1cce702) (ScriptedImporter) -> (artifact id: '979c9006fbe12c63d92648e5782a9c0e') in 0.0175135 seconds
Number of updated asset objects reloaded before import = 0Number of asset objects unloaded after import = 2

========================================================================
Received Import Request.
  Time since last request: 0.000037 seconds.
  path: Assets/Dungeon Tale/Assets/Sprites/Wall_H.asset
  artifactKey: Guid(c135e81d62f8ef242a7aa41eb0e0b4ff) Importer(2089858483,192608db42251d675da83286b1cce702)
Start importing Assets/Dungeon Tale/Assets/Sprites/Wall_H.asset using Guid(c135e81d62f8ef242a7aa41eb0e0b4ff) Importer(2089858483,192608db42251d675da83286b1cce702) (ScriptedImporter) -> (artifact id: '1a1b1e791f9642c55b6b0cf975331486') in 0.0166793 seconds
Number of updated asset objects reloaded before import = 0Number of asset objects unloaded after import = 2

========================================================================
Received Import Request.
  Time since last request: 0.000036 seconds.
  path: Assets/Dungeon Tale/Assets/Sprites/Prop_Pipe_a.asset
  artifactKey: Guid(d8bb5cab42ff7384d96d882124d4cbd4) Importer(2089858483,192608db42251d675da83286b1cce702)
Start importing Assets/Dungeon Tale/Assets/Sprites/Prop_Pipe_a.asset using Guid(d8bb5cab42ff7384d96d882124d4cbd4) Importer(2089858483,192608db42251d675da83286b1cce702) (ScriptedImporter) -> (artifact id: '0991127428b0e46e8acc1e49630e1491') in 0.01675 seconds
Number of updated asset objects reloaded before import = 0Number of asset objects unloaded after import = 2

========================================================================
Received Import Request.
  Time since last request: 0.000033 seconds.
  path: Assets/Dungeon Tale/Assets/Sprites/Env_GraveD.asset
  artifactKey: Guid(8cba1b1f54167604a9571d4958a010f7) Importer(2089858483,192608db42251d675da83286b1cce702)
Start importing Assets/Dungeon Tale/Assets/Sprites/Env_GraveD.asset using Guid(8cba1b1f54167604a9571d4958a010f7) Importer(2089858483,192608db42251d675da83286b1cce702) (ScriptedImporter) -> (artifact id: 'ef4b34869d0f7a1910f3142117f2a763') in 0.0173167 seconds
Number of updated asset objects reloaded before import = 0Number of asset objects unloaded after import = 2

========================================================================
Received Import Request.
  Time since last request: 0.000028 seconds.
  path: Assets/Dungeon Tale/Assets/Sprites/Carpet_Scrap.asset
  artifactKey: Guid(fb6d2781a9d65ad46be7727c3128a790) Importer(2089858483,192608db42251d675da83286b1cce702)
Start importing Assets/Dungeon Tale/Assets/Sprites/Carpet_Scrap.asset using Guid(fb6d2781a9d65ad46be7727c3128a790) Importer(2089858483,192608db42251d675da83286b1cce702) (ScriptedImporter) -> (artifact id: 'a43a9b5eeca17fb0a0cd47fc65491739') in 0.0179004 seconds
Number of updated asset objects reloaded before import = 0Number of asset objects unloaded after import = 2

========================================================================
Received Import Request.
  Time since last request: 0.000031 seconds.
  path: Assets/Dungeon Tale/Assets/Sprites/Prop_SA.asset
  artifactKey: Guid(07ef3b213d7676444a7266d0b6c7b414) Importer(2089858483,192608db42251d675da83286b1cce702)
Start importing Assets/Dungeon Tale/Assets/Sprites/Prop_SA.asset using Guid(07ef3b213d7676444a7266d0b6c7b414) Importer(2089858483,192608db42251d675da83286b1cce702) (ScriptedImporter) -> (artifact id: '76a7fd38627f9faaaefc87792a09dda5') in 0.014863 seconds
Number of updated asset objects reloaded before import = 0Number of asset objects unloaded after import = 2

========================================================================
Received Import Request.
  Time since last request: 0.000022 seconds.
  path: Assets/Dungeon Tale/Assets/Sprites/Wall_N.asset
  artifactKey: Guid(d3fa6c78eac5c834a962412c8d661942) Importer(2089858483,192608db42251d675da83286b1cce702)
Start importing Assets/Dungeon Tale/Assets/Sprites/Wall_N.asset using Guid(d3fa6c78eac5c834a962412c8d661942) Importer(2089858483,192608db42251d675da83286b1cce702) (ScriptedImporter) -> (artifact id: '98b7e4bfd26bb47fc47e6529be858b57') in 0.0139405 seconds
Number of updated asset objects reloaded before import = 0Number of asset objects unloaded after import = 2

========================================================================
Received Import Request.
  Time since last request: 0.000025 seconds.
  path: Assets/Dungeon Tale/Assets/Sprites/Prop_Env_X.asset
  artifactKey: Guid(8c4875c914cc0a544b4035d0d8e6816e) Importer(2089858483,192608db42251d675da83286b1cce702)
Start importing Assets/Dungeon Tale/Assets/Sprites/Prop_Env_X.asset using Guid(8c4875c914cc0a544b4035d0d8e6816e) Importer(2089858483,192608db42251d675da83286b1cce702) (ScriptedImporter) -> (artifact id: 'a8d14dca4c9e4d1c57a1dbbbbc97a51b') in 0.0166647 seconds
Number of updated asset objects reloaded before import = 0Number of asset objects unloaded after import = 2

========================================================================
Received Import Request.
  Time since last request: 0.000035 seconds.
  path: Assets/Dungeon Tale/Assets/Sprites/Hero.asset
  artifactKey: Guid(0558fb2f09c74dd43919fc022820d840) Importer(2089858483,192608db42251d675da83286b1cce702)
Start importing Assets/Dungeon Tale/Assets/Sprites/Hero.asset using Guid(0558fb2f09c74dd43919fc022820d840) Importer(2089858483,192608db42251d675da83286b1cce702) (ScriptedImporter) -> (artifact id: 'b6047482920e11a99f0665d4a3eb93df') in 0.0173197 seconds
Number of updated asset objects reloaded before import = 0Number of asset objects unloaded after import = 2

========================================================================
Received Import Request.
  Time since last request: 0.000044 seconds.
  path: Assets/Dungeon Tale/Assets/Sprites/Decal_G.asset
  artifactKey: Guid(93092b84bff106b4cad2862f4e73ba0c) Importer(2089858483,192608db42251d675da83286b1cce702)
Start importing Assets/Dungeon Tale/Assets/Sprites/Decal_G.asset using Guid(93092b84bff106b4cad2862f4e73ba0c) Importer(2089858483,192608db42251d675da83286b1cce702) (ScriptedImporter) -> (artifact id: '1d7304917d7c7b365aea8bd59f695b5f') in 0.017096 seconds
Number of updated asset objects reloaded before import = 0Number of asset objects unloaded after import = 2

========================================================================
Received Import Request.
  Time since last request: 0.000033 seconds.
  path: Assets/Dungeon Tale/Assets/Sprites/Wall_Y.asset
  artifactKey: Guid(02b867aaa8b103b4a947c050ed88228a) Importer(2089858483,192608db42251d675da83286b1cce702)
Start importing Assets/Dungeon Tale/Assets/Sprites/Wall_Y.asset using Guid(02b867aaa8b103b4a947c050ed88228a) Importer(2089858483,192608db42251d675da83286b1cce702) (ScriptedImporter) -> (artifact id: '011efb7d2a00a8717c4f12114082192b') in 0.0206833 seconds
Number of updated asset objects reloaded before import = 0Number of asset objects unloaded after import = 2

========================================================================
Received Import Request.
  Time since last request: 0.000038 seconds.
  path: Assets/Dungeon Tale/Assets/Sprites/Prop_Env_M.asset
  artifactKey: Guid(5b4f3870433e99f40990fc3c30421382) Importer(2089858483,192608db42251d675da83286b1cce702)
Start importing Assets/Dungeon Tale/Assets/Sprites/Prop_Env_M.asset using Guid(5b4f3870433e99f40990fc3c30421382) Importer(2089858483,192608db42251d675da83286b1cce702) (ScriptedImporter) -> (artifact id: '0c6bc923113733d4d4c2a23b8a722f87') in 0.0206673 seconds
Number of updated asset objects reloaded before import = 0Number of asset objects unloaded after import = 2

========================================================================
Received Import Request.
  Time since last request: 0.000039 seconds.
  path: Assets/Dungeon Tale/Assets/Sprites/Char_Skeletone.asset
  artifactKey: Guid(10a28e35554f9e24183eb955639c3311) Importer(2089858483,192608db42251d675da83286b1cce702)
Start importing Assets/Dungeon Tale/Assets/Sprites/Char_Skeletone.asset using Guid(10a28e35554f9e24183eb955639c3311) Importer(2089858483,192608db42251d675da83286b1cce702) (ScriptedImporter) -> (artifact id: 'd2d0591d55513710e88de4eed402d7c8') in 0.0186325 seconds
Number of updated asset objects reloaded before import = 0Number of asset objects unloaded after import = 2

========================================================================
Received Import Request.
  Time since last request: 0.000026 seconds.
  path: Assets/Dungeon Tale/Assets/Sprites/Item_Scroll_Yellow.asset
  artifactKey: Guid(98f82f56ebf7f1d43af6aac3d6f620c5) Importer(2089858483,192608db42251d675da83286b1cce702)
Start importing Assets/Dungeon Tale/Assets/Sprites/Item_Scroll_Yellow.asset using Guid(98f82f56ebf7f1d43af6aac3d6f620c5) Importer(2089858483,192608db42251d675da83286b1cce702) (ScriptedImporter) -> (artifact id: '3d9fded29d115c34d1945db1e774c90e') in 0.018809 seconds
Number of updated asset objects reloaded before import = 0Number of asset objects unloaded after import = 2

========================================================================
Received Import Request.
  Time since last request: 0.000039 seconds.
  path: Assets/Dungeon Tale/Assets/Sprites/Item_Arrow.asset
  artifactKey: Guid(ef3ecc80d418e814780cf6d2c75458aa) Importer(2089858483,192608db42251d675da83286b1cce702)
Start importing Assets/Dungeon Tale/Assets/Sprites/Item_Arrow.asset using Guid(ef3ecc80d418e814780cf6d2c75458aa) Importer(2089858483,192608db42251d675da83286b1cce702) (ScriptedImporter) -> (artifact id: '259cb96d47f2133465825dfe2bdec2c3') in 0.014865 seconds
Number of updated asset objects reloaded before import = 0Number of asset objects unloaded after import = 2

========================================================================
Received Import Request.
  Time since last request: 0.000027 seconds.
  path: Assets/Dungeon Tale/Assets/Sprites/Prop_TreeB.asset
  artifactKey: Guid(62ede8edd2449c7489ebb2fdc5186f52) Importer(2089858483,192608db42251d675da83286b1cce702)
Start importing Assets/Dungeon Tale/Assets/Sprites/Prop_TreeB.asset using Guid(62ede8edd2449c7489ebb2fdc5186f52) Importer(2089858483,192608db42251d675da83286b1cce702) (ScriptedImporter) -> (artifact id: 'b272c90523c100fa0c25942726e3ef47') in 0.0132767 seconds
Number of updated asset objects reloaded before import = 0Number of asset objects unloaded after import = 2

========================================================================
Received Import Request.
  Time since last request: 0.000018 seconds.
  path: Assets/Dungeon Tale/Assets/Sprites/Char_Trader.asset
  artifactKey: Guid(071c3afe76fd5ee42b9b2a8aff3755a9) Importer(2089858483,192608db42251d675da83286b1cce702)
Start importing Assets/Dungeon Tale/Assets/Sprites/Char_Trader.asset using Guid(071c3afe76fd5ee42b9b2a8aff3755a9) Importer(2089858483,192608db42251d675da83286b1cce702) (ScriptedImporter) -> (artifact id: '08f1ea337c8d89fb7041cc9f94ee0f80') in 0.0136785 seconds
Number of updated asset objects reloaded before import = 0Number of asset objects unloaded after import = 2

========================================================================
Received Import Request.
  Time since last request: 0.000021 seconds.
  path: Assets/Dungeon Tale/Assets/Sprites/Prop_Root_B.asset
  artifactKey: Guid(8c36e2d7318630146bd676620f539ac1) Importer(2089858483,192608db42251d675da83286b1cce702)
Start importing Assets/Dungeon Tale/Assets/Sprites/Prop_Root_B.asset using Guid(8c36e2d7318630146bd676620f539ac1) Importer(2089858483,192608db42251d675da83286b1cce702) (ScriptedImporter) -> (artifact id: 'e756930612157223f4666115b70f1050') in 0.0134772 seconds
Number of updated asset objects reloaded before import = 0Number of asset objects unloaded after import = 2

========================================================================
Received Import Request.
  Time since last request: 0.000025 seconds.
  path: Assets/Dungeon Tale/Assets/Sprites/Item_Scroll_Blue.asset
  artifactKey: Guid(fb89fb78dc0194f4abd6aa7f4b283d59) Importer(2089858483,192608db42251d675da83286b1cce702)
Start importing Assets/Dungeon Tale/Assets/Sprites/Item_Scroll_Blue.asset using Guid(fb89fb78dc0194f4abd6aa7f4b283d59) Importer(2089858483,192608db42251d675da83286b1cce702) (ScriptedImporter) -> (artifact id: 'c4065e0cc42d55887b3b5efc5b60b44a') in 0.0142601 seconds
Number of updated asset objects reloaded before import = 0Number of asset objects unloaded after import = 2

========================================================================
Received Import Request.
  Time since last request: 0.000027 seconds.
  path: Assets/Dungeon Tale/Assets/Sprites/Item_Sword.asset
  artifactKey: Guid(9667f975c8afed44eaa6e062bba33bae) Importer(2089858483,192608db42251d675da83286b1cce702)
Start importing Assets/Dungeon Tale/Assets/Sprites/Item_Sword.asset using Guid(9667f975c8afed44eaa6e062bba33bae) Importer(2089858483,192608db42251d675da83286b1cce702) (ScriptedImporter) -> (artifact id: 'd77e45a4541775298d8b21f9a9ca9c72') in 0.0124104 seconds
Number of updated asset objects reloaded before import = 0Number of asset objects unloaded after import = 2

========================================================================
Received Import Request.
  Time since last request: 0.000025 seconds.
  path: Assets/Dungeon Tale/Assets/Sprites/Char_Sunflower.asset
  artifactKey: Guid(3854b8ddefc48fc44ad9bf48bcfc2c1d) Importer(2089858483,192608db42251d675da83286b1cce702)
Start importing Assets/Dungeon Tale/Assets/Sprites/Char_Sunflower.asset using Guid(3854b8ddefc48fc44ad9bf48bcfc2c1d) Importer(2089858483,192608db42251d675da83286b1cce702) (ScriptedImporter) -> (artifact id: 'f5290b87a3b85274ca318b1612d286ca') in 0.0123302 seconds
Number of updated asset objects reloaded before import = 0Number of asset objects unloaded after import = 2

========================================================================
Received Import Request.
  Time since last request: 0.000013 seconds.
  path: Assets/Dungeon Tale/Assets/Sprites/Decal_P.asset
  artifactKey: Guid(9c4b6ce2fdbe7974a99c9ac67b24d7bb) Importer(2089858483,192608db42251d675da83286b1cce702)
Start importing Assets/Dungeon Tale/Assets/Sprites/Decal_P.asset using Guid(9c4b6ce2fdbe7974a99c9ac67b24d7bb) Importer(2089858483,192608db42251d675da83286b1cce702) (ScriptedImporter) -> (artifact id: '580f83b4b33f572b6c2577f43182a27a') in 0.0126378 seconds
Number of updated asset objects reloaded before import = 0Number of asset objects unloaded after import = 2

========================================================================
Received Import Request.
  Time since last request: 0.000032 seconds.
  path: Assets/Dungeon Tale/Assets/Sprites/Wall_F.asset
  artifactKey: Guid(662cd0ca5da6b7144939bbee60bf5e27) Importer(2089858483,192608db42251d675da83286b1cce702)
Start importing Assets/Dungeon Tale/Assets/Sprites/Wall_F.asset using Guid(662cd0ca5da6b7144939bbee60bf5e27) Importer(2089858483,192608db42251d675da83286b1cce702) (ScriptedImporter) -> (artifact id: '45b66d035463e8f806f508f92baff311') in 0.0146809 seconds
Number of updated asset objects reloaded before import = 0Number of asset objects unloaded after import = 2

========================================================================
Received Import Request.
  Time since last request: 0.000028 seconds.
  path: Assets/Dungeon Tale/Assets/Sprites/Prop_Env_B.asset
  artifactKey: Guid(bc2fb116a58c0174fad2bfe1f0eee118) Importer(2089858483,192608db42251d675da83286b1cce702)
Start importing Assets/Dungeon Tale/Assets/Sprites/Prop_Env_B.asset using Guid(bc2fb116a58c0174fad2bfe1f0eee118) Importer(2089858483,192608db42251d675da83286b1cce702) (ScriptedImporter) -> (artifact id: '2ed1da980e73b78417c997116344aee9') in 0.014058 seconds
Number of updated asset objects reloaded before import = 0Number of asset objects unloaded after import = 2

========================================================================
Received Import Request.
  Time since last request: 0.000030 seconds.
  path: Assets/Dungeon Tale/Assets/Sprites/Env_GraveB.asset
  artifactKey: Guid(4dc1356cdc2f7904dbf7512775ce7821) Importer(2089858483,192608db42251d675da83286b1cce702)
Start importing Assets/Dungeon Tale/Assets/Sprites/Env_GraveB.asset using Guid(4dc1356cdc2f7904dbf7512775ce7821) Importer(2089858483,192608db42251d675da83286b1cce702) (ScriptedImporter) -> (artifact id: 'fe3c6aa0e5e3208c524094e22d7b93a6') in 0.0139342 seconds
Number of updated asset objects reloaded before import = 0Number of asset objects unloaded after import = 2

========================================================================
Received Import Request.
  Time since last request: 0.000030 seconds.
  path: Assets/Dungeon Tale/Assets/Sprites/Prop_Env_C_R.asset
  artifactKey: Guid(cbfc8a1b6c3ae054ba851de61a908c40) Importer(2089858483,192608db42251d675da83286b1cce702)
Start importing Assets/Dungeon Tale/Assets/Sprites/Prop_Env_C_R.asset using Guid(cbfc8a1b6c3ae054ba851de61a908c40) Importer(2089858483,192608db42251d675da83286b1cce702) (ScriptedImporter) -> (artifact id: '2b559532d163b5b139ec6c13e71f671f') in 0.0129601 seconds
Number of updated asset objects reloaded before import = 0Number of asset objects unloaded after import = 2

========================================================================
Received Import Request.
  Time since last request: 0.000028 seconds.
  path: Assets/Dungeon Tale/Assets/Sprites/Decal_L.asset
  artifactKey: Guid(2fc584843a375e145bd719ade1bfed31) Importer(2089858483,192608db42251d675da83286b1cce702)
Start importing Assets/Dungeon Tale/Assets/Sprites/Decal_L.asset using Guid(2fc584843a375e145bd719ade1bfed31) Importer(2089858483,192608db42251d675da83286b1cce702) (ScriptedImporter) -> (artifact id: '7735647a8080906b6e4ee91114812be5') in 0.0144968 seconds
Number of updated asset objects reloaded before import = 0Number of asset objects unloaded after import = 2

========================================================================
Received Import Request.
  Time since last request: 0.000027 seconds.
  path: Assets/Dungeon Tale/Assets/Sprites/Prop_Vase_D.asset
  artifactKey: Guid(08f2f37cad6eb3947b8d0f2c4be8bd27) Importer(2089858483,192608db42251d675da83286b1cce702)
Start importing Assets/Dungeon Tale/Assets/Sprites/Prop_Vase_D.asset using Guid(08f2f37cad6eb3947b8d0f2c4be8bd27) Importer(2089858483,192608db42251d675da83286b1cce702) (ScriptedImporter) -> (artifact id: '5fdccf4fa7f07756ef33fc775ad1d8a6') in 0.0141072 seconds
Number of updated asset objects reloaded before import = 0Number of asset objects unloaded after import = 2

========================================================================
Received Import Request.
  Time since last request: 0.000020 seconds.
  path: Assets/Dungeon Tale/Assets/Sprites/Wall_B.asset
  artifactKey: Guid(8e17c236b7dffbf4db076372522c4c00) Importer(2089858483,192608db42251d675da83286b1cce702)
Start importing Assets/Dungeon Tale/Assets/Sprites/Wall_B.asset using Guid(8e17c236b7dffbf4db076372522c4c00) Importer(2089858483,192608db42251d675da83286b1cce702) (ScriptedImporter) -> (artifact id: 'ef92283c16e5fd487f2f42fa93dbe1b8') in 0.0133205 seconds
Number of updated asset objects reloaded before import = 0Number of asset objects unloaded after import = 2

========================================================================
Received Import Request.
  Time since last request: 0.000028 seconds.
  path: Assets/Dungeon Tale/Assets/Sprites/Env_Ladder_Up.asset
  artifactKey: Guid(afeda07ef0fe3d840ae694315df74ea1) Importer(2089858483,192608db42251d675da83286b1cce702)
Start importing Assets/Dungeon Tale/Assets/Sprites/Env_Ladder_Up.asset using Guid(afeda07ef0fe3d840ae694315df74ea1) Importer(2089858483,192608db42251d675da83286b1cce702) (ScriptedImporter) -> (artifact id: '6cb266d2403bf84953a6088a9c36e23b') in 0.0125313 seconds
Number of updated asset objects reloaded before import = 0Number of asset objects unloaded after import = 2

========================================================================
Received Import Request.
  Time since last request: 0.000015 seconds.
  path: Assets/Dungeon Tale/Assets/Sprites/Floor_Metal.asset
  artifactKey: Guid(7a2cbe5a6e8c74e43a77295c9fea3e27) Importer(2089858483,192608db42251d675da83286b1cce702)
Start importing Assets/Dungeon Tale/Assets/Sprites/Floor_Metal.asset using Guid(7a2cbe5a6e8c74e43a77295c9fea3e27) Importer(2089858483,192608db42251d675da83286b1cce702) (ScriptedImporter) -> (artifact id: 'b89d5b4ab8d55b42ffadfef2802413d5') in 0.0120866 seconds
Number of updated asset objects reloaded before import = 0Number of asset objects unloaded after import = 2

========================================================================
Received Import Request.
  Time since last request: 0.000032 seconds.
  path: Assets/Dungeon Tale/Assets/Sprites/Wall_C.asset
  artifactKey: Guid(22a84cd080da5de43aee694b1aa00de8) Importer(2089858483,192608db42251d675da83286b1cce702)
Start importing Assets/Dungeon Tale/Assets/Sprites/Wall_C.asset using Guid(22a84cd080da5de43aee694b1aa00de8) Importer(2089858483,192608db42251d675da83286b1cce702) (ScriptedImporter) -> (artifact id: '3e259339a2a9d1fdddf06d2c05354f3e') in 0.0128595 seconds
Number of updated asset objects reloaded before import = 0Number of asset objects unloaded after import = 2

========================================================================
Received Import Request.
  Time since last request: 0.000023 seconds.
  path: Assets/Dungeon Tale/Assets/Sprites/Prop_Env_Z.asset
  artifactKey: Guid(8b079d9fe88abac4cb3df3620ccaf2b3) Importer(2089858483,192608db42251d675da83286b1cce702)
Start importing Assets/Dungeon Tale/Assets/Sprites/Prop_Env_Z.asset using Guid(8b079d9fe88abac4cb3df3620ccaf2b3) Importer(2089858483,192608db42251d675da83286b1cce702) (ScriptedImporter) -> (artifact id: '490b7d9d55d9a74a4aab576fbbb3c975') in 0.015131 seconds
Number of updated asset objects reloaded before import = 0Number of asset objects unloaded after import = 2

========================================================================
Received Import Request.
  Time since last request: 0.000015 seconds.
  path: Assets/Dungeon Tale/Assets/Sprites/Prop_Vase_C.asset
  artifactKey: Guid(1f852022de9c87f4c9dce7fbad9ae36b) Importer(2089858483,192608db42251d675da83286b1cce702)
Start importing Assets/Dungeon Tale/Assets/Sprites/Prop_Vase_C.asset using Guid(1f852022de9c87f4c9dce7fbad9ae36b) Importer(2089858483,192608db42251d675da83286b1cce702) (ScriptedImporter) -> (artifact id: '7577a0a9e0fdf084099e49533ae84f73') in 0.0136582 seconds
Number of updated asset objects reloaded before import = 0Number of asset objects unloaded after import = 2

========================================================================
Received Import Request.
  Time since last request: 0.000016 seconds.
  path: Assets/Dungeon Tale/Assets/Sprites/Prop_TreeA.asset
  artifactKey: Guid(79a000604c77d144292aea6475c28e8a) Importer(2089858483,192608db42251d675da83286b1cce702)
Start importing Assets/Dungeon Tale/Assets/Sprites/Prop_TreeA.asset using Guid(79a000604c77d144292aea6475c28e8a) Importer(2089858483,192608db42251d675da83286b1cce702) (ScriptedImporter) -> (artifact id: '1fdee46bfc111809b28fbfafe2d86b76') in 0.0159015 seconds
Number of updated asset objects reloaded before import = 0Number of asset objects unloaded after import = 2

========================================================================
Received Import Request.
  Time since last request: 0.000018 seconds.
  path: Assets/Dungeon Tale/Assets/Sprites/Prop_Dirt.asset
  artifactKey: Guid(9d46919be7c0d114abe9308aff3a2e0d) Importer(2089858483,192608db42251d675da83286b1cce702)
Start importing Assets/Dungeon Tale/Assets/Sprites/Prop_Dirt.asset using Guid(9d46919be7c0d114abe9308aff3a2e0d) Importer(2089858483,192608db42251d675da83286b1cce702) (ScriptedImporter) -> (artifact id: '6434fbe286c04d6a070cf9daed914949') in 0.0152046 seconds
Number of updated asset objects reloaded before import = 0Number of asset objects unloaded after import = 2

========================================================================
Received Import Request.
  Time since last request: 0.000021 seconds.
  path: Assets/Dungeon Tale/Assets/Sprites/Char_Eye.asset
  artifactKey: Guid(af86a456f012a1842969e82198062cab) Importer(2089858483,192608db42251d675da83286b1cce702)
Start importing Assets/Dungeon Tale/Assets/Sprites/Char_Eye.asset using Guid(af86a456f012a1842969e82198062cab) Importer(2089858483,192608db42251d675da83286b1cce702) (ScriptedImporter) -> (artifact id: '9b01828fa86870352cd1af8d9b9dcd12') in 0.0179895 seconds
Number of updated asset objects reloaded before import = 0Number of asset objects unloaded after import = 2

========================================================================
Received Import Request.
  Time since last request: 0.000022 seconds.
  path: Assets/Dungeon Tale/Assets/Sprites/Env_Lever_On.asset
  artifactKey: Guid(4856e26a8a2d7244dbce6dc6938ef71a) Importer(2089858483,192608db42251d675da83286b1cce702)
Start importing Assets/Dungeon Tale/Assets/Sprites/Env_Lever_On.asset using Guid(4856e26a8a2d7244dbce6dc6938ef71a) Importer(2089858483,192608db42251d675da83286b1cce702) (ScriptedImporter) -> (artifact id: '084f92f2330d8278af8a8d121b597973') in 0.0154193 seconds
Number of updated asset objects reloaded before import = 0Number of asset objects unloaded after import = 2

========================================================================
Received Import Request.
  Time since last request: 0.000130 seconds.
  path: Assets/Dungeon Tale/Assets/Sprites/Prop_Root_E.asset
  artifactKey: Guid(cd353aaae05ff4d4d88c8ee99c7da2a6) Importer(2089858483,192608db42251d675da83286b1cce702)
Start importing Assets/Dungeon Tale/Assets/Sprites/Prop_Root_E.asset using Guid(cd353aaae05ff4d4d88c8ee99c7da2a6) Importer(2089858483,192608db42251d675da83286b1cce702) (ScriptedImporter) -> (artifact id: 'f2a169dd2fcaf3c90905977abce03878') in 0.0151762 seconds
Number of updated asset objects reloaded before import = 0Number of asset objects unloaded after import = 2

========================================================================
Received Import Request.
  Time since last request: 0.000025 seconds.
  path: Assets/Dungeon Tale/Assets/Sprites/Char_Heat.asset
  artifactKey: Guid(124e0eb2b6b5c3347b0d1c9354290d97) Importer(2089858483,192608db42251d675da83286b1cce702)
Start importing Assets/Dungeon Tale/Assets/Sprites/Char_Heat.asset using Guid(124e0eb2b6b5c3347b0d1c9354290d97) Importer(2089858483,192608db42251d675da83286b1cce702) (ScriptedImporter) -> (artifact id: '0b15ee4a3491df625146bb5eff8a8d0b') in 0.0150337 seconds
Number of updated asset objects reloaded before import = 0Number of asset objects unloaded after import = 2

========================================================================
Received Import Request.
  Time since last request: 0.000025 seconds.
  path: Assets/Dungeon Tale/Assets/Sprites/Decal_ShadeB.asset
  artifactKey: Guid(6fba776459a21cd4bb4307d637999b26) Importer(2089858483,192608db42251d675da83286b1cce702)
Start importing Assets/Dungeon Tale/Assets/Sprites/Decal_ShadeB.asset using Guid(6fba776459a21cd4bb4307d637999b26) Importer(2089858483,192608db42251d675da83286b1cce702) (ScriptedImporter) -> (artifact id: '98ccff6b7c3e3fb53dc5452914e73838') in 0.0148684 seconds
Number of updated asset objects reloaded before import = 0Number of asset objects unloaded after import = 2

========================================================================
Received Import Request.
  Time since last request: 0.000028 seconds.
  path: Assets/Dungeon Tale/Assets/Sprites/Prop_Env_C_D.asset
  artifactKey: Guid(994a372d8017af74da97c744346c4a5e) Importer(2089858483,192608db42251d675da83286b1cce702)
Start importing Assets/Dungeon Tale/Assets/Sprites/Prop_Env_C_D.asset using Guid(994a372d8017af74da97c744346c4a5e) Importer(2089858483,192608db42251d675da83286b1cce702) (ScriptedImporter) -> (artifact id: '7af7958ef54b9c4a1142cf3359c2a587') in 0.0147848 seconds
Number of updated asset objects reloaded before import = 0Number of asset objects unloaded after import = 2

========================================================================
Received Import Request.
  Time since last request: 0.000033 seconds.
  path: Assets/Dungeon Tale/Assets/Sprites/Item_Map.asset
  artifactKey: Guid(6e3c40c0305f9834d83f26fcec824389) Importer(2089858483,192608db42251d675da83286b1cce702)
Start importing Assets/Dungeon Tale/Assets/Sprites/Item_Map.asset using Guid(6e3c40c0305f9834d83f26fcec824389) Importer(2089858483,192608db42251d675da83286b1cce702) (ScriptedImporter) -> (artifact id: 'f7d3ea506760a632480d6b1b2bef6e7d') in 0.0150378 seconds
Number of updated asset objects reloaded before import = 0Number of asset objects unloaded after import = 2

========================================================================
Received Import Request.
  Time since last request: 0.000037 seconds.
  path: Assets/Dungeon Tale/Assets/Sprites/Prop_SC.asset
  artifactKey: Guid(50faee825d6854843b86947754cae4c2) Importer(2089858483,192608db42251d675da83286b1cce702)
Start importing Assets/Dungeon Tale/Assets/Sprites/Prop_SC.asset using Guid(50faee825d6854843b86947754cae4c2) Importer(2089858483,192608db42251d675da83286b1cce702) (ScriptedImporter) -> (artifact id: '73834efb01f64e154b0e2db700b4df65') in 0.0147664 seconds
Number of updated asset objects reloaded before import = 0Number of asset objects unloaded after import = 2

========================================================================
Received Import Request.
  Time since last request: 0.000015 seconds.
  path: Assets/Dungeon Tale/Assets/Sprites/Spikes.asset
  artifactKey: Guid(b81b015f4adfbb3469ba650400750469) Importer(2089858483,192608db42251d675da83286b1cce702)
Start importing Assets/Dungeon Tale/Assets/Sprites/Spikes.asset using Guid(b81b015f4adfbb3469ba650400750469) Importer(2089858483,192608db42251d675da83286b1cce702) (ScriptedImporter) -> (artifact id: '8858eb9025329026d81222cd95a55b08') in 0.0150908 seconds
Number of updated asset objects reloaded before import = 0Number of asset objects unloaded after import = 2

========================================================================
Received Import Request.
  Time since last request: 0.000042 seconds.
  path: Assets/Dungeon Tale/Assets/Sprites/Env_Carpet_Large.asset
  artifactKey: Guid(169795ecadf8c0349a186888fb901333) Importer(2089858483,192608db42251d675da83286b1cce702)
Start importing Assets/Dungeon Tale/Assets/Sprites/Env_Carpet_Large.asset using Guid(169795ecadf8c0349a186888fb901333) Importer(2089858483,192608db42251d675da83286b1cce702) (ScriptedImporter) -> (artifact id: '76e8c767e98fce518e7fc886326d42ae') in 0.0151544 seconds
Number of updated asset objects reloaded before import = 0Number of asset objects unloaded after import = 2

========================================================================
Received Import Request.
  Time since last request: 0.000023 seconds.
  path: Assets/Dungeon Tale/Assets/Sprites/Prop_Root_C.asset
  artifactKey: Guid(e05e1d249b12a314da559369812999c3) Importer(2089858483,192608db42251d675da83286b1cce702)
Start importing Assets/Dungeon Tale/Assets/Sprites/Prop_Root_C.asset using Guid(e05e1d249b12a314da559369812999c3) Importer(2089858483,192608db42251d675da83286b1cce702) (ScriptedImporter) -> (artifact id: '1f6c23d0a9f2b0a63e10992328700b63') in 0.0163 seconds
Number of updated asset objects reloaded before import = 0Number of asset objects unloaded after import = 2

========================================================================
Received Import Request.
  Time since last request: 0.000021 seconds.
  path: Assets/Dungeon Tale/Assets/Sprites/Item_Shroom_Blue.asset
  artifactKey: Guid(48b533490373b6740b31db5579c8d2ef) Importer(2089858483,192608db42251d675da83286b1cce702)
Start importing Assets/Dungeon Tale/Assets/Sprites/Item_Shroom_Blue.asset using Guid(48b533490373b6740b31db5579c8d2ef) Importer(2089858483,192608db42251d675da83286b1cce702) (ScriptedImporter) -> (artifact id: '322d41e256163a577df7a3adf20da641') in 0.0166047 seconds
Number of updated asset objects reloaded before import = 0Number of asset objects unloaded after import = 2

========================================================================
Received Import Request.
  Time since last request: 0.000025 seconds.
  path: Assets/Dungeon Tale/Assets/Sprites/Decal_V.asset
  artifactKey: Guid(398487245934ba74ea66eeb56db05aa4) Importer(2089858483,192608db42251d675da83286b1cce702)
Start importing Assets/Dungeon Tale/Assets/Sprites/Decal_V.asset using Guid(398487245934ba74ea66eeb56db05aa4) Importer(2089858483,192608db42251d675da83286b1cce702) (ScriptedImporter) -> (artifact id: 'c36312d6c0e1885a04491431ee7bc5a3') in 0.0150331 seconds
Number of updated asset objects reloaded before import = 0Number of asset objects unloaded after import = 2

========================================================================
Received Import Request.
  Time since last request: 0.000039 seconds.
  path: Assets/Dungeon Tale/Assets/Sprites/Decal_ShadeA.asset
  artifactKey: Guid(63c49c18757cfd94e9b9e79fe41d4ea0) Importer(2089858483,192608db42251d675da83286b1cce702)
Start importing Assets/Dungeon Tale/Assets/Sprites/Decal_ShadeA.asset using Guid(63c49c18757cfd94e9b9e79fe41d4ea0) Importer(2089858483,192608db42251d675da83286b1cce702) (ScriptedImporter) -> (artifact id: 'fb0fe0b03cf67fca73df24102b0ff9fb') in 0.0131281 seconds
Number of updated asset objects reloaded before import = 0Number of asset objects unloaded after import = 2

========================================================================
Received Import Request.
  Time since last request: 0.000021 seconds.
  path: Assets/Dungeon Tale/Assets/Sprites/Prop_Pipe_C.asset
  artifactKey: Guid(e79129ff96a3d00419cdde24e6f503ea) Importer(2089858483,192608db42251d675da83286b1cce702)
Start importing Assets/Dungeon Tale/Assets/Sprites/Prop_Pipe_C.asset using Guid(e79129ff96a3d00419cdde24e6f503ea) Importer(2089858483,192608db42251d675da83286b1cce702) (ScriptedImporter) -> (artifact id: '25d1618fccedfead0366ce9fbaf6542d') in 0.014111 seconds
Number of updated asset objects reloaded before import = 0Number of asset objects unloaded after import = 2

========================================================================
Received Import Request.
  Time since last request: 0.000021 seconds.
  path: Assets/Dungeon Tale/Assets/Sprites/Item_Apple.asset
  artifactKey: Guid(be8d28aadb4afb644adf5e6d7ae20c82) Importer(2089858483,192608db42251d675da83286b1cce702)
Start importing Assets/Dungeon Tale/Assets/Sprites/Item_Apple.asset using Guid(be8d28aadb4afb644adf5e6d7ae20c82) Importer(2089858483,192608db42251d675da83286b1cce702) (ScriptedImporter) -> (artifact id: 'b19b6619ea37dc31c752fc8c033f051c') in 0.0130522 seconds
Number of updated asset objects reloaded before import = 0Number of asset objects unloaded after import = 2

========================================================================
Received Import Request.
  Time since last request: 0.000033 seconds.
  path: Assets/Dungeon Tale/Assets/Sprites/Carpet_A.asset
  artifactKey: Guid(5587bc1d4bd412242a4aa4a387ab367f) Importer(2089858483,192608db42251d675da83286b1cce702)
Start importing Assets/Dungeon Tale/Assets/Sprites/Carpet_A.asset using Guid(5587bc1d4bd412242a4aa4a387ab367f) Importer(2089858483,192608db42251d675da83286b1cce702) (ScriptedImporter) -> (artifact id: 'd2ddb0fc92666cf5b8aba3815899e44f') in 0.0128124 seconds
Number of updated asset objects reloaded before import = 0Number of asset objects unloaded after import = 2

========================================================================
Received Import Request.
  Time since last request: 0.000090 seconds.
  path: Assets/Dungeon Tale/Assets/Sprites/Env_Spot.asset
  artifactKey: Guid(55820fcf0f760e64fa2911cc41c54089) Importer(2089858483,192608db42251d675da83286b1cce702)
Start importing Assets/Dungeon Tale/Assets/Sprites/Env_Spot.asset using Guid(55820fcf0f760e64fa2911cc41c54089) Importer(2089858483,192608db42251d675da83286b1cce702) (ScriptedImporter) -> (artifact id: 'c8dd42bbed9b0f8d7f53e13128c115ac') in 0.0132016 seconds
Number of updated asset objects reloaded before import = 0Number of asset objects unloaded after import = 2

Editor requested this worker to shutdown with reason: Scaling down because of idle timeout
AssetImportWorkerClient::OnTransportError - code=2 error=End of file
AssetImportWorker is now disconnected from the server
Process exiting
Exiting without the bug reporter. Application will terminate with return code 0